<?xml version="1.0" encoding="UTF-8"?>
<testsuite xmlns:xsi="http://www.w3.org/2001/XMLSchema-instance" xsi:noNamespaceSchemaLocation="https://maven.apache.org/surefire/maven-surefire-plugin/xsd/surefire-test-report-3.0.xsd" version="3.0" name="com.devroom.backend.service.AuthServiceTest" time="0.383" tests="3" errors="0" skipped="0" failures="0">
  <properties>
[...]
</properties>
  <testcase name="authenticateWithGitHub_ExistingUser_UpdatesAndReturnsToken" classname="com.devroom.backend.service.AuthServiceTest" time="0.358"/>
  <testcase name="authenticateWithGitHub_InvalidCode_ThrowsException" classname="com.devroom.backend.service.AuthServiceTest" time="0.01"/>
  <testcase name="authenticateWithGitHub_NewUser_CreatesUserAndReturnsToken" classname="com.devroom.backend.service.AuthServiceTest" time="0.005"/>
</testsuite>